2023-03-19T16:48:03.510+05:30  INFO 12316 --- [main] c.a.m.MovieBookingSysApplication         : Starting MovieBookingSysApplication using Java 17.0.6 with PID 12316 (C:\Users\aashi.gupta.in\Downloads\movieBookingSys\movieBookingSys\target\classes started by aashi.gupta.in in C:\Users\aashi.gupta.in\Downloads\movieBookingSys\movieBookingSys)
2023-03-19T16:48:03.514+05:30  INFO 12316 --- [main] c.a.m.MovieBookingSysApplication         : No active profile set, falling back to 1 default profile: "default"
2023-03-19T16:48:04.418+05:30  INFO 12316 --- [main] .s.d.r.c.RepositoryConfigurationDelegate : Bootstrapping Spring Data JPA repositories in DEFAULT mode.
2023-03-19T16:48:04.616+05:30  INFO 12316 --- [main] .s.d.r.c.RepositoryConfigurationDelegate : Finished Spring Data repository scanning in 184 ms. Found 11 JPA repository interfaces.
2023-03-19T16:48:05.292+05:30  INFO 12316 --- [main] o.s.b.w.embedded.tomcat.TomcatWebServer  : Tomcat initialized with port(s): 8080 (http)
2023-03-19T16:48:05.299+05:30  INFO 12316 --- [main] o.apache.catalina.core.StandardService   : Starting service [Tomcat]
2023-03-19T16:48:05.300+05:30  INFO 12316 --- [main] o.apache.catalina.core.StandardEngine    : Starting Servlet engine: [Apache Tomcat/10.1.5]
2023-03-19T16:48:05.429+05:30  INFO 12316 --- [main] o.a.c.c.C.[Tomcat].[localhost].[/]       : Initializing Spring embedded WebApplicationContext
2023-03-19T16:48:05.430+05:30  INFO 12316 --- [main] w.s.c.ServletWebServerApplicationContext : Root WebApplicationContext: initialization completed in 1851 ms
2023-03-19T16:48:05.462+05:30  INFO 12316 --- [main] com.zaxxer.hikari.HikariDataSource       : HikariPool-1 - Starting...
2023-03-19T16:48:05.623+05:30  INFO 12316 --- [main] com.zaxxer.hikari.pool.HikariPool        : HikariPool-1 - Added connection conn0: url=jdbc:h2:mem:mbsdb user=MBS
2023-03-19T16:48:05.624+05:30  INFO 12316 --- [main] com.zaxxer.hikari.HikariDataSource       : HikariPool-1 - Start completed.
2023-03-19T16:48:05.632+05:30  INFO 12316 --- [main] o.s.b.a.h2.H2ConsoleAutoConfiguration    : H2 console available at '/h2-console'. Database available at 'jdbc:h2:mem:mbsdb'
2023-03-19T16:48:05.793+05:30  INFO 12316 --- [main] o.hibernate.jpa.internal.util.LogHelper  : HHH000204: Processing PersistenceUnitInfo [name: default]
2023-03-19T16:48:05.883+05:30  INFO 12316 --- [main] org.hibernate.Version                    : HHH000412: Hibernate ORM core version 6.1.7.Final
2023-03-19T16:48:06.156+05:30  INFO 12316 --- [main] SQL dialect                              : HHH000400: Using dialect: org.hibernate.dialect.H2Dialect
2023-03-19T16:48:06.966+05:30  INFO 12316 --- [main] o.h.m.i.EntityInstantiatorPojoStandard   : HHH000182: No default (no-argument) constructor for class: com.aashi.movieBookingSys.entities.Language (class must be instantiated by Interceptor)
2023-03-19T16:48:07.128+05:30  INFO 12316 --- [main] o.h.e.t.j.p.i.JtaPlatformInitiator       : HHH000490: Using JtaPlatform implementation: [org.hibernate.engine.transaction.jta.platform.internal.NoJtaPlatform]
2023-03-19T16:48:07.134+05:30  INFO 12316 --- [main] j.LocalContainerEntityManagerFactoryBean : Initialized JPA EntityManagerFactory for persistence unit 'default'
2023-03-19T16:48:07.888+05:30  WARN 12316 --- [main] JpaBaseConfiguration$JpaWebConfiguration : spring.jpa.open-in-view is enabled by default. Therefore, database queries may be performed during view rendering. Explicitly configure spring.jpa.open-in-view to disable this warning
2023-03-19T16:48:08.530+05:30  INFO 12316 --- [main] o.s.b.w.embedded.tomcat.TomcatWebServer  : Tomcat started on port(s): 8080 (http) with context path ''
2023-03-19T16:48:08.546+05:30  INFO 12316 --- [main] c.a.m.MovieBookingSysApplication         : Started MovieBookingSysApplication in 5.505 seconds (process running for 5.937)
2023-03-19T16:48:08.787+05:30  INFO 12316 --- [main] c.a.m.MovieBookingSysApplication         : Writing for info
2023-03-19T16:48:08.787+05:30  WARN 12316 --- [main] c.a.m.MovieBookingSysApplication         : Writing for warn
2023-03-19T16:48:08.787+05:30 ERROR 12316 --- [main] c.a.m.MovieBookingSysApplication         : Writing for error
2023-03-19T16:51:35.234+05:30  INFO 12316 --- [SpringApplicationShutdownHook] j.LocalContainerEntityManagerFactoryBean : Closing JPA EntityManagerFactory for persistence unit 'default'
2023-03-19T16:51:35.236+05:30  INFO 12316 --- [SpringApplicationShutdownHook] com.zaxxer.hikari.HikariDataSource       : HikariPool-1 - Shutdown initiated...
2023-03-19T16:51:35.239+05:30  INFO 12316 --- [SpringApplicationShutdownHook] com.zaxxer.hikari.HikariDataSource       : HikariPool-1 - Shutdown completed.
2023-03-19T19:54:47.861+05:30  INFO 14468 --- [main] c.a.m.MovieBookingSysApplication         : Starting MovieBookingSysApplication using Java 17.0.6 with PID 14468 (C:\Users\aashi.gupta.in\Downloads\movieBookingSys\movieBookingSys\target\classes started by aashi.gupta.in in C:\Users\aashi.gupta.in\Downloads\movieBookingSys\movieBookingSys)
2023-03-19T19:54:47.867+05:30  INFO 14468 --- [main] c.a.m.MovieBookingSysApplication         : No active profile set, falling back to 1 default profile: "default"
2023-03-19T19:54:48.920+05:30  INFO 14468 --- [main] .s.d.r.c.RepositoryConfigurationDelegate : Bootstrapping Spring Data JPA repositories in DEFAULT mode.
2023-03-19T19:54:49.290+05:30  INFO 14468 --- [main] .s.d.r.c.RepositoryConfigurationDelegate : Finished Spring Data repository scanning in 340 ms. Found 11 JPA repository interfaces.
2023-03-19T19:54:50.451+05:30  INFO 14468 --- [main] o.s.b.w.embedded.tomcat.TomcatWebServer  : Tomcat initialized with port(s): 8080 (http)
2023-03-19T19:54:50.465+05:30  INFO 14468 --- [main] o.apache.catalina.core.StandardService   : Starting service [Tomcat]
2023-03-19T19:54:50.465+05:30  INFO 14468 --- [main] o.apache.catalina.core.StandardEngine    : Starting Servlet engine: [Apache Tomcat/10.1.5]
2023-03-19T19:54:50.638+05:30  INFO 14468 --- [main] o.a.c.c.C.[Tomcat].[localhost].[/]       : Initializing Spring embedded WebApplicationContext
2023-03-19T19:54:50.639+05:30  INFO 14468 --- [main] w.s.c.ServletWebServerApplicationContext : Root WebApplicationContext: initialization completed in 2674 ms
2023-03-19T19:54:50.680+05:30  INFO 14468 --- [main] com.zaxxer.hikari.HikariDataSource       : HikariPool-1 - Starting...
2023-03-19T19:54:50.958+05:30  INFO 14468 --- [main] com.zaxxer.hikari.pool.HikariPool        : HikariPool-1 - Added connection conn0: url=jdbc:h2:mem:mbsdb user=MBS
2023-03-19T19:54:50.960+05:30  INFO 14468 --- [main] com.zaxxer.hikari.HikariDataSource       : HikariPool-1 - Start completed.
2023-03-19T19:54:50.971+05:30  INFO 14468 --- [main] o.s.b.a.h2.H2ConsoleAutoConfiguration    : H2 console available at '/h2-console'. Database available at 'jdbc:h2:mem:mbsdb'
2023-03-19T19:54:51.272+05:30  INFO 14468 --- [main] o.hibernate.jpa.internal.util.LogHelper  : HHH000204: Processing PersistenceUnitInfo [name: default]
2023-03-19T19:54:51.384+05:30  INFO 14468 --- [main] org.hibernate.Version                    : HHH000412: Hibernate ORM core version 6.1.7.Final
2023-03-19T19:54:51.718+05:30  INFO 14468 --- [main] SQL dialect                              : HHH000400: Using dialect: org.hibernate.dialect.H2Dialect
2023-03-19T19:54:52.921+05:30  INFO 14468 --- [main] o.h.m.i.EntityInstantiatorPojoStandard   : HHH000182: No default (no-argument) constructor for class: com.aashi.movieBookingSys.entities.Language (class must be instantiated by Interceptor)
2023-03-19T19:54:53.153+05:30  INFO 14468 --- [main] o.h.e.t.j.p.i.JtaPlatformInitiator       : HHH000490: Using JtaPlatform implementation: [org.hibernate.engine.transaction.jta.platform.internal.NoJtaPlatform]
2023-03-19T19:54:53.162+05:30  INFO 14468 --- [main] j.LocalContainerEntityManagerFactoryBean : Initialized JPA EntityManagerFactory for persistence unit 'default'
2023-03-19T19:54:55.560+05:30  WARN 14468 --- [main] JpaBaseConfiguration$JpaWebConfiguration : spring.jpa.open-in-view is enabled by default. Therefore, database queries may be performed during view rendering. Explicitly configure spring.jpa.open-in-view to disable this warning
2023-03-19T19:54:57.087+05:30  INFO 14468 --- [main] o.s.b.w.embedded.tomcat.TomcatWebServer  : Tomcat started on port(s): 8080 (http) with context path ''
2023-03-19T19:54:57.118+05:30  INFO 14468 --- [main] c.a.m.MovieBookingSysApplication         : Started MovieBookingSysApplication in 9.75 seconds (process running for 10.305)
2023-03-19T19:56:14.045+05:30  WARN 14468 --- [HikariPool-1 housekeeper] com.zaxxer.hikari.pool.HikariPool        : HikariPool-1 - Thread starvation or clock leap detected (housekeeper delta=1m22s979ms942µs200ns).
2023-03-19T19:56:52.498+05:30  INFO 14468 --- [main] .s.b.a.l.ConditionEvaluationReportLogger : 

Error starting ApplicationContext. To display the condition evaluation report re-run your application with 'debug' enabled.
2023-03-19T19:56:52.635+05:30 ERROR 14468 --- [main] o.s.boot.SpringApplication               : Application run failed

java.lang.IllegalStateException: Failed to execute CommandLineRunner
	at org.springframework.boot.SpringApplication.callRunner(SpringApplication.java:772) ~[spring-boot-3.0.4.jar:3.0.4]
	at org.springframework.boot.SpringApplication.callRunners(SpringApplication.java:753) ~[spring-boot-3.0.4.jar:3.0.4]
	at org.springframework.boot.SpringApplication.run(SpringApplication.java:317) ~[spring-boot-3.0.4.jar:3.0.4]
	at org.springframework.boot.SpringApplication.run(SpringApplication.java:1304) ~[spring-boot-3.0.4.jar:3.0.4]
	at org.springframework.boot.SpringApplication.run(SpringApplication.java:1293) ~[spring-boot-3.0.4.jar:3.0.4]
	at com.aashi.movieBookingSys.MovieBookingSysApplication.main(MovieBookingSysApplication.java:23) ~[classes/:na]
Caused by: org.springframework.dao.InvalidDataAccessApiUsageException: org.hibernate.TransientPropertyValueException: object references an unsaved transient instance - save the transient instance before flushing : com.aashi.movieBookingSys.entities.User.language -> com.aashi.movieBookingSys.entities.Language
	at org.springframework.orm.jpa.EntityManagerFactoryUtils.convertJpaAccessExceptionIfPossible(EntityManagerFactoryUtils.java:368) ~[spring-orm-6.0.6.jar:6.0.6]
	at org.springframework.orm.jpa.vendor.HibernateJpaDialect.translateExceptionIfPossible(HibernateJpaDialect.java:235) ~[spring-orm-6.0.6.jar:6.0.6]
	at org.springframework.orm.jpa.JpaTransactionManager.doCommit(JpaTransactionManager.java:565) ~[spring-orm-6.0.6.jar:6.0.6]
	at org.springframework.transaction.support.AbstractPlatformTransactionManager.processCommit(AbstractPlatformTransactionManager.java:743) ~[spring-tx-6.0.6.jar:6.0.6]
	at org.springframework.transaction.support.AbstractPlatformTransactionManager.commit(AbstractPlatformTransactionManager.java:711) ~[spring-tx-6.0.6.jar:6.0.6]
	at org.springframework.transaction.interceptor.TransactionAspectSupport.commitTransactionAfterReturning(TransactionAspectSupport.java:659) ~[spring-tx-6.0.6.jar:6.0.6]
	at org.springframework.transaction.interceptor.TransactionAspectSupport.invokeWithinTransaction(TransactionAspectSupport.java:409) ~[spring-tx-6.0.6.jar:6.0.6]
	at org.springframework.transaction.interceptor.TransactionInterceptor.invoke(TransactionInterceptor.java:119) ~[spring-tx-6.0.6.jar:6.0.6]
	at org.springframework.aop.framework.ReflectiveMethodInvocation.proceed(ReflectiveMethodInvocation.java:184) ~[spring-aop-6.0.6.jar:6.0.6]
	at org.springframework.dao.support.PersistenceExceptionTranslationInterceptor.invoke(PersistenceExceptionTranslationInterceptor.java:137) ~[spring-tx-6.0.6.jar:6.0.6]
	at org.springframework.aop.framework.ReflectiveMethodInvocation.proceed(ReflectiveMethodInvocation.java:184) ~[spring-aop-6.0.6.jar:6.0.6]
	at org.springframework.data.jpa.repository.support.CrudMethodMetadataPostProcessor$CrudMethodMetadataPopulatingMethodInterceptor.invoke(CrudMethodMetadataPostProcessor.java:163) ~[spring-data-jpa-3.0.3.jar:3.0.3]
	at org.springframework.aop.framework.ReflectiveMethodInvocation.proceed(ReflectiveMethodInvocation.java:184) ~[spring-aop-6.0.6.jar:6.0.6]
	at org.springframework.aop.interceptor.ExposeInvocationInterceptor.invoke(ExposeInvocationInterceptor.java:97) ~[spring-aop-6.0.6.jar:6.0.6]
	at org.springframework.aop.framework.ReflectiveMethodInvocation.proceed(ReflectiveMethodInvocation.java:184) ~[spring-aop-6.0.6.jar:6.0.6]
	at org.springframework.aop.framework.JdkDynamicAopProxy.invoke(JdkDynamicAopProxy.java:218) ~[spring-aop-6.0.6.jar:6.0.6]
	at jdk.proxy2/jdk.proxy2.$Proxy116.save(Unknown Source) ~[na:na]
	at com.aashi.movieBookingSys.services.implementation.UserServiceImpl.acceptUserDetails(UserServiceImpl.java:31) ~[classes/:na]
	at com.aashi.movieBookingSys.services.implementation.InitServiceImpl.createCustomer(InitServiceImpl.java:124) ~[classes/:na]
	at com.aashi.movieBookingSys.services.implementation.InitServiceImpl.init(InitServiceImpl.java:84) ~[classes/:na]
	at com.aashi.movieBookingSys.MovieBookingSysApplication.lambda$init$0(MovieBookingSysApplication.java:220) ~[classes/:na]
	at org.springframework.boot.SpringApplication.callRunner(SpringApplication.java:769) ~[spring-boot-3.0.4.jar:3.0.4]
	... 5 common frames omitted
Caused by: java.lang.IllegalStateException: org.hibernate.TransientPropertyValueException: object references an unsaved transient instance - save the transient instance before flushing : com.aashi.movieBookingSys.entities.User.language -> com.aashi.movieBookingSys.entities.Language
	at org.hibernate.internal.ExceptionConverterImpl.convert(ExceptionConverterImpl.java:161) ~[hibernate-core-6.1.7.Final.jar:6.1.7.Final]
	at org.hibernate.internal.ExceptionConverterImpl.convert(ExceptionConverterImpl.java:175) ~[hibernate-core-6.1.7.Final.jar:6.1.7.Final]
	at org.hibernate.internal.ExceptionConverterImpl.convert(ExceptionConverterImpl.java:182) ~[hibernate-core-6.1.7.Final.jar:6.1.7.Final]
	at org.hibernate.internal.SessionImpl.doFlush(SessionImpl.java:1429) ~[hibernate-core-6.1.7.Final.jar:6.1.7.Final]
	at org.hibernate.internal.SessionImpl.managedFlush(SessionImpl.java:477) ~[hibernate-core-6.1.7.Final.jar:6.1.7.Final]
	at org.hibernate.internal.SessionImpl.flushBeforeTransactionCompletion(SessionImpl.java:2234) ~[hibernate-core-6.1.7.Final.jar:6.1.7.Final]
	at org.hibernate.internal.SessionImpl.beforeTransactionCompletion(SessionImpl.java:1930) ~[hibernate-core-6.1.7.Final.jar:6.1.7.Final]
	at org.hibernate.engine.jdbc.internal.JdbcCoordinatorImpl.beforeTransactionCompletion(JdbcCoordinatorImpl.java:439) ~[hibernate-core-6.1.7.Final.jar:6.1.7.Final]
	at org.hibernate.resource.transaction.backend.jdbc.internal.JdbcResourceLocalTransactionCoordinatorImpl.beforeCompletionCallback(JdbcResourceLocalTransactionCoordinatorImpl.java:183) ~[hibernate-core-6.1.7.Final.jar:6.1.7.Final]
	at org.hibernate.resource.transaction.backend.jdbc.internal.JdbcResourceLocalTransactionCoordinatorImpl$TransactionDriverControlImpl.commit(JdbcResourceLocalTransactionCoordinatorImpl.java:281) ~[hibernate-core-6.1.7.Final.jar:6.1.7.Final]
	at org.hibernate.engine.transaction.internal.TransactionImpl.commit(TransactionImpl.java:101) ~[hibernate-core-6.1.7.Final.jar:6.1.7.Final]
	at org.springframework.orm.jpa.JpaTransactionManager.doCommit(JpaTransactionManager.java:561) ~[spring-orm-6.0.6.jar:6.0.6]
	... 24 common frames omitted
Caused by: org.hibernate.TransientPropertyValueException: object references an unsaved transient instance - save the transient instance before flushing : com.aashi.movieBookingSys.entities.User.language -> com.aashi.movieBookingSys.entities.Language
	at org.hibernate.engine.spi.CascadingActions$8.noCascade(CascadingActions.java:383) ~[hibernate-core-6.1.7.Final.jar:6.1.7.Final]
	at org.hibernate.engine.internal.Cascade.cascade(Cascade.java:169) ~[hibernate-core-6.1.7.Final.jar:6.1.7.Final]
	at org.hibernate.event.internal.AbstractFlushingEventListener.cascadeOnFlush(AbstractFlushingEventListener.java:155) ~[hibernate-core-6.1.7.Final.jar:6.1.7.Final]
	at org.hibernate.event.internal.AbstractFlushingEventListener.prepareEntityFlushes(AbstractFlushingEventListener.java:145) ~[hibernate-core-6.1.7.Final.jar:6.1.7.Final]
	at org.hibernate.event.internal.AbstractFlushingEventListener.flushEverythingToExecutions(AbstractFlushingEventListener.java:79) ~[hibernate-core-6.1.7.Final.jar:6.1.7.Final]
	at org.hibernate.event.internal.DefaultFlushEventListener.onFlush(DefaultFlushEventListener.java:38) ~[hibernate-core-6.1.7.Final.jar:6.1.7.Final]
	at org.hibernate.event.service.internal.EventListenerGroupImpl.fireEventOnEachListener(EventListenerGroupImpl.java:107) ~[hibernate-core-6.1.7.Final.jar:6.1.7.Final]
	at org.hibernate.internal.SessionImpl.doFlush(SessionImpl.java:1425) ~[hibernate-core-6.1.7.Final.jar:6.1.7.Final]
	... 32 common frames omitted

2023-03-19T19:56:52.751+05:30  INFO 14468 --- [main] j.LocalContainerEntityManagerFactoryBean : Closing JPA EntityManagerFactory for persistence unit 'default'
2023-03-19T19:56:52.761+05:30  INFO 14468 --- [main] com.zaxxer.hikari.HikariDataSource       : HikariPool-1 - Shutdown initiated...
2023-03-19T19:56:52.770+05:30  INFO 14468 --- [main] com.zaxxer.hikari.HikariDataSource       : HikariPool-1 - Shutdown completed.
2023-03-19T19:59:04.522+05:30  INFO 21316 --- [main] c.a.m.MovieBookingSysApplication         : Starting MovieBookingSysApplication using Java 17.0.6 with PID 21316 (C:\Users\aashi.gupta.in\Downloads\movieBookingSys\movieBookingSys\target\classes started by aashi.gupta.in in C:\Users\aashi.gupta.in\Downloads\movieBookingSys\movieBookingSys)
2023-03-19T19:59:04.526+05:30  INFO 21316 --- [main] c.a.m.MovieBookingSysApplication         : No active profile set, falling back to 1 default profile: "default"
2023-03-19T19:59:05.364+05:30  INFO 21316 --- [main] .s.d.r.c.RepositoryConfigurationDelegate : Bootstrapping Spring Data JPA repositories in DEFAULT mode.
2023-03-19T19:59:05.559+05:30  INFO 21316 --- [main] .s.d.r.c.RepositoryConfigurationDelegate : Finished Spring Data repository scanning in 178 ms. Found 11 JPA repository interfaces.
2023-03-19T19:59:06.248+05:30  INFO 21316 --- [main] o.s.b.w.embedded.tomcat.TomcatWebServer  : Tomcat initialized with port(s): 8080 (http)
2023-03-19T19:59:06.256+05:30  INFO 21316 --- [main] o.apache.catalina.core.StandardService   : Starting service [Tomcat]
2023-03-19T19:59:06.257+05:30  INFO 21316 --- [main] o.apache.catalina.core.StandardEngine    : Starting Servlet engine: [Apache Tomcat/10.1.5]
2023-03-19T19:59:06.429+05:30  INFO 21316 --- [main] o.a.c.c.C.[Tomcat].[localhost].[/]       : Initializing Spring embedded WebApplicationContext
2023-03-19T19:59:06.430+05:30  INFO 21316 --- [main] w.s.c.ServletWebServerApplicationContext : Root WebApplicationContext: initialization completed in 1815 ms
2023-03-19T19:59:06.472+05:30  INFO 21316 --- [main] com.zaxxer.hikari.HikariDataSource       : HikariPool-1 - Starting...
2023-03-19T19:59:06.661+05:30  INFO 21316 --- [main] com.zaxxer.hikari.pool.HikariPool        : HikariPool-1 - Added connection conn0: url=jdbc:h2:mem:mbsdb user=MBS
2023-03-19T19:59:06.666+05:30  INFO 21316 --- [main] com.zaxxer.hikari.HikariDataSource       : HikariPool-1 - Start completed.
2023-03-19T19:59:06.681+05:30  INFO 21316 --- [main] o.s.b.a.h2.H2ConsoleAutoConfiguration    : H2 console available at '/h2-console'. Database available at 'jdbc:h2:mem:mbsdb'
2023-03-19T19:59:06.910+05:30  INFO 21316 --- [main] o.hibernate.jpa.internal.util.LogHelper  : HHH000204: Processing PersistenceUnitInfo [name: default]
2023-03-19T19:59:06.995+05:30  INFO 21316 --- [main] org.hibernate.Version                    : HHH000412: Hibernate ORM core version 6.1.7.Final
2023-03-19T19:59:07.299+05:30  INFO 21316 --- [main] SQL dialect                              : HHH000400: Using dialect: org.hibernate.dialect.H2Dialect
2023-03-19T19:59:08.142+05:30  INFO 21316 --- [main] o.h.m.i.EntityInstantiatorPojoStandard   : HHH000182: No default (no-argument) constructor for class: com.aashi.movieBookingSys.entities.Language (class must be instantiated by Interceptor)
2023-03-19T19:59:08.336+05:30  INFO 21316 --- [main] o.h.e.t.j.p.i.JtaPlatformInitiator       : HHH000490: Using JtaPlatform implementation: [org.hibernate.engine.transaction.jta.platform.internal.NoJtaPlatform]
2023-03-19T19:59:08.343+05:30  INFO 21316 --- [main] j.LocalContainerEntityManagerFactoryBean : Initialized JPA EntityManagerFactory for persistence unit 'default'
2023-03-19T19:59:09.115+05:30  WARN 21316 --- [main] JpaBaseConfiguration$JpaWebConfiguration : spring.jpa.open-in-view is enabled by default. Therefore, database queries may be performed during view rendering. Explicitly configure spring.jpa.open-in-view to disable this warning
2023-03-19T19:59:09.637+05:30  INFO 21316 --- [main] o.s.b.w.embedded.tomcat.TomcatWebServer  : Tomcat started on port(s): 8080 (http) with context path ''
2023-03-19T19:59:09.650+05:30  INFO 21316 --- [main] c.a.m.MovieBookingSysApplication         : Started MovieBookingSysApplication in 5.626 seconds (process running for 6.014)
2023-03-19T19:59:10.032+05:30  INFO 21316 --- [main] c.a.m.MovieBookingSysApplication         : Writing for info
2023-03-19T19:59:10.033+05:30  WARN 21316 --- [main] c.a.m.MovieBookingSysApplication         : Writing for warn
2023-03-19T19:59:10.033+05:30 ERROR 21316 --- [main] c.a.m.MovieBookingSysApplication         : Writing for error
2023-03-19T19:59:25.954+05:30  INFO 21316 --- [SpringApplicationShutdownHook] j.LocalContainerEntityManagerFactoryBean : Closing JPA EntityManagerFactory for persistence unit 'default'
2023-03-19T19:59:25.957+05:30  INFO 21316 --- [SpringApplicationShutdownHook] com.zaxxer.hikari.HikariDataSource       : HikariPool-1 - Shutdown initiated...
2023-03-19T19:59:25.958+05:30  INFO 21316 --- [SpringApplicationShutdownHook] com.zaxxer.hikari.HikariDataSource       : HikariPool-1 - Shutdown completed.
2023-03-19T20:00:52.263+05:30  INFO 1708 --- [main] c.a.m.MovieBookingSysApplication         : Starting MovieBookingSysApplication using Java 17.0.6 with PID 1708 (C:\Users\aashi.gupta.in\Downloads\movieBookingSys\movieBookingSys\target\classes started by aashi.gupta.in in C:\Users\aashi.gupta.in\Downloads\movieBookingSys\movieBookingSys)
2023-03-19T20:00:52.268+05:30  INFO 1708 --- [main] c.a.m.MovieBookingSysApplication         : No active profile set, falling back to 1 default profile: "default"
2023-03-19T20:00:53.088+05:30  INFO 1708 --- [main] .s.d.r.c.RepositoryConfigurationDelegate : Bootstrapping Spring Data JPA repositories in DEFAULT mode.
2023-03-19T20:00:53.291+05:30  INFO 1708 --- [main] .s.d.r.c.RepositoryConfigurationDelegate : Finished Spring Data repository scanning in 190 ms. Found 11 JPA repository interfaces.
2023-03-19T20:00:54.106+05:30  INFO 1708 --- [main] o.s.b.w.embedded.tomcat.TomcatWebServer  : Tomcat initialized with port(s): 8080 (http)
2023-03-19T20:00:54.113+05:30  INFO 1708 --- [main] o.apache.catalina.core.StandardService   : Starting service [Tomcat]
2023-03-19T20:00:54.113+05:30  INFO 1708 --- [main] o.apache.catalina.core.StandardEngine    : Starting Servlet engine: [Apache Tomcat/10.1.5]
2023-03-19T20:00:54.244+05:30  INFO 1708 --- [main] o.a.c.c.C.[Tomcat].[localhost].[/]       : Initializing Spring embedded WebApplicationContext
2023-03-19T20:00:54.245+05:30  INFO 1708 --- [main] w.s.c.ServletWebServerApplicationContext : Root WebApplicationContext: initialization completed in 1904 ms
2023-03-19T20:00:54.287+05:30  INFO 1708 --- [main] com.zaxxer.hikari.HikariDataSource       : HikariPool-1 - Starting...
2023-03-19T20:00:54.500+05:30  INFO 1708 --- [main] com.zaxxer.hikari.pool.HikariPool        : HikariPool-1 - Added connection conn0: url=jdbc:h2:mem:mbsdb user=MBS
2023-03-19T20:00:54.502+05:30  INFO 1708 --- [main] com.zaxxer.hikari.HikariDataSource       : HikariPool-1 - Start completed.
2023-03-19T20:00:54.509+05:30  INFO 1708 --- [main] o.s.b.a.h2.H2ConsoleAutoConfiguration    : H2 console available at '/h2-console'. Database available at 'jdbc:h2:mem:mbsdb'
2023-03-19T20:00:54.729+05:30  INFO 1708 --- [main] o.hibernate.jpa.internal.util.LogHelper  : HHH000204: Processing PersistenceUnitInfo [name: default]
2023-03-19T20:00:54.812+05:30  INFO 1708 --- [main] org.hibernate.Version                    : HHH000412: Hibernate ORM core version 6.1.7.Final
2023-03-19T20:00:55.177+05:30  INFO 1708 --- [main] SQL dialect                              : HHH000400: Using dialect: org.hibernate.dialect.H2Dialect
2023-03-19T20:00:55.910+05:30  INFO 1708 --- [main] o.h.m.i.EntityInstantiatorPojoStandard   : HHH000182: No default (no-argument) constructor for class: com.aashi.movieBookingSys.entities.Language (class must be instantiated by Interceptor)
2023-03-19T20:00:56.103+05:30  INFO 1708 --- [main] o.h.e.t.j.p.i.JtaPlatformInitiator       : HHH000490: Using JtaPlatform implementation: [org.hibernate.engine.transaction.jta.platform.internal.NoJtaPlatform]
2023-03-19T20:00:56.108+05:30  INFO 1708 --- [main] j.LocalContainerEntityManagerFactoryBean : Initialized JPA EntityManagerFactory for persistence unit 'default'
2023-03-19T20:00:56.989+05:30  WARN 1708 --- [main] JpaBaseConfiguration$JpaWebConfiguration : spring.jpa.open-in-view is enabled by default. Therefore, database queries may be performed during view rendering. Explicitly configure spring.jpa.open-in-view to disable this warning
2023-03-19T20:00:57.525+05:30  INFO 1708 --- [main] o.s.b.w.embedded.tomcat.TomcatWebServer  : Tomcat started on port(s): 8080 (http) with context path ''
2023-03-19T20:00:57.535+05:30  INFO 1708 --- [main] c.a.m.MovieBookingSysApplication         : Started MovieBookingSysApplication in 5.748 seconds (process running for 6.224)
2023-03-19T20:00:57.977+05:30  INFO 1708 --- [main] .s.b.a.l.ConditionEvaluationReportLogger : 

Error starting ApplicationContext. To display the condition evaluation report re-run your application with 'debug' enabled.
2023-03-19T20:00:57.999+05:30 ERROR 1708 --- [main] o.s.boot.SpringApplication               : Application run failed

java.lang.IllegalStateException: Failed to execute CommandLineRunner
	at org.springframework.boot.SpringApplication.callRunner(SpringApplication.java:772) ~[spring-boot-3.0.4.jar:3.0.4]
	at org.springframework.boot.SpringApplication.callRunners(SpringApplication.java:753) ~[spring-boot-3.0.4.jar:3.0.4]
	at org.springframework.boot.SpringApplication.run(SpringApplication.java:317) ~[spring-boot-3.0.4.jar:3.0.4]
	at org.springframework.boot.SpringApplication.run(SpringApplication.java:1304) ~[spring-boot-3.0.4.jar:3.0.4]
	at org.springframework.boot.SpringApplication.run(SpringApplication.java:1293) ~[spring-boot-3.0.4.jar:3.0.4]
	at com.aashi.movieBookingSys.MovieBookingSysApplication.main(MovieBookingSysApplication.java:23) ~[classes/:na]
Caused by: org.springframework.dao.InvalidDataAccessApiUsageException: org.hibernate.TransientPropertyValueException: object references an unsaved transient instance - save the transient instance before flushing : com.aashi.movieBookingSys.entities.User.language -> com.aashi.movieBookingSys.entities.Language
	at org.springframework.orm.jpa.EntityManagerFactoryUtils.convertJpaAccessExceptionIfPossible(EntityManagerFactoryUtils.java:368) ~[spring-orm-6.0.6.jar:6.0.6]
	at org.springframework.orm.jpa.vendor.HibernateJpaDialect.translateExceptionIfPossible(HibernateJpaDialect.java:235) ~[spring-orm-6.0.6.jar:6.0.6]
	at org.springframework.orm.jpa.JpaTransactionManager.doCommit(JpaTransactionManager.java:565) ~[spring-orm-6.0.6.jar:6.0.6]
	at org.springframework.transaction.support.AbstractPlatformTransactionManager.processCommit(AbstractPlatformTransactionManager.java:743) ~[spring-tx-6.0.6.jar:6.0.6]
	at org.springframework.transaction.support.AbstractPlatformTransactionManager.commit(AbstractPlatformTransactionManager.java:711) ~[spring-tx-6.0.6.jar:6.0.6]
	at org.springframework.transaction.interceptor.TransactionAspectSupport.commitTransactionAfterReturning(TransactionAspectSupport.java:659) ~[spring-tx-6.0.6.jar:6.0.6]
	at org.springframework.transaction.interceptor.TransactionAspectSupport.invokeWithinTransaction(TransactionAspectSupport.java:409) ~[spring-tx-6.0.6.jar:6.0.6]
	at org.springframework.transaction.interceptor.TransactionInterceptor.invoke(TransactionInterceptor.java:119) ~[spring-tx-6.0.6.jar:6.0.6]
	at org.springframework.aop.framework.ReflectiveMethodInvocation.proceed(ReflectiveMethodInvocation.java:184) ~[spring-aop-6.0.6.jar:6.0.6]
	at org.springframework.dao.support.PersistenceExceptionTranslationInterceptor.invoke(PersistenceExceptionTranslationInterceptor.java:137) ~[spring-tx-6.0.6.jar:6.0.6]
	at org.springframework.aop.framework.ReflectiveMethodInvocation.proceed(ReflectiveMethodInvocation.java:184) ~[spring-aop-6.0.6.jar:6.0.6]
	at org.springframework.data.jpa.repository.support.CrudMethodMetadataPostProcessor$CrudMethodMetadataPopulatingMethodInterceptor.invoke(CrudMethodMetadataPostProcessor.java:163) ~[spring-data-jpa-3.0.3.jar:3.0.3]
	at org.springframework.aop.framework.ReflectiveMethodInvocation.proceed(ReflectiveMethodInvocation.java:184) ~[spring-aop-6.0.6.jar:6.0.6]
	at org.springframework.aop.interceptor.ExposeInvocationInterceptor.invoke(ExposeInvocationInterceptor.java:97) ~[spring-aop-6.0.6.jar:6.0.6]
	at org.springframework.aop.framework.ReflectiveMethodInvocation.proceed(ReflectiveMethodInvocation.java:184) ~[spring-aop-6.0.6.jar:6.0.6]
	at org.springframework.aop.framework.JdkDynamicAopProxy.invoke(JdkDynamicAopProxy.java:218) ~[spring-aop-6.0.6.jar:6.0.6]
	at jdk.proxy2/jdk.proxy2.$Proxy116.save(Unknown Source) ~[na:na]
	at com.aashi.movieBookingSys.services.implementation.UserServiceImpl.acceptUserDetails(UserServiceImpl.java:31) ~[classes/:na]
	at com.aashi.movieBookingSys.services.implementation.InitServiceImpl.createCustomer(InitServiceImpl.java:125) ~[classes/:na]
	at com.aashi.movieBookingSys.services.implementation.InitServiceImpl.init(InitServiceImpl.java:84) ~[classes/:na]
	at com.aashi.movieBookingSys.MovieBookingSysApplication.lambda$init$0(MovieBookingSysApplication.java:220) ~[classes/:na]
	at org.springframework.boot.SpringApplication.callRunner(SpringApplication.java:769) ~[spring-boot-3.0.4.jar:3.0.4]
	... 5 common frames omitted
Caused by: java.lang.IllegalStateException: org.hibernate.TransientPropertyValueException: object references an unsaved transient instance - save the transient instance before flushing : com.aashi.movieBookingSys.entities.User.language -> com.aashi.movieBookingSys.entities.Language
	at org.hibernate.internal.ExceptionConverterImpl.convert(ExceptionConverterImpl.java:161) ~[hibernate-core-6.1.7.Final.jar:6.1.7.Final]
	at org.hibernate.internal.ExceptionConverterImpl.convert(ExceptionConverterImpl.java:175) ~[hibernate-core-6.1.7.Final.jar:6.1.7.Final]
	at org.hibernate.internal.ExceptionConverterImpl.convert(ExceptionConverterImpl.java:182) ~[hibernate-core-6.1.7.Final.jar:6.1.7.Final]
	at org.hibernate.internal.SessionImpl.doFlush(SessionImpl.java:1429) ~[hibernate-core-6.1.7.Final.jar:6.1.7.Final]
	at org.hibernate.internal.SessionImpl.managedFlush(SessionImpl.java:477) ~[hibernate-core-6.1.7.Final.jar:6.1.7.Final]
	at org.hibernate.internal.SessionImpl.flushBeforeTransactionCompletion(SessionImpl.java:2234) ~[hibernate-core-6.1.7.Final.jar:6.1.7.Final]
	at org.hibernate.internal.SessionImpl.beforeTransactionCompletion(SessionImpl.java:1930) ~[hibernate-core-6.1.7.Final.jar:6.1.7.Final]
	at org.hibernate.engine.jdbc.internal.JdbcCoordinatorImpl.beforeTransactionCompletion(JdbcCoordinatorImpl.java:439) ~[hibernate-core-6.1.7.Final.jar:6.1.7.Final]
	at org.hibernate.resource.transaction.backend.jdbc.internal.JdbcResourceLocalTransactionCoordinatorImpl.beforeCompletionCallback(JdbcResourceLocalTransactionCoordinatorImpl.java:183) ~[hibernate-core-6.1.7.Final.jar:6.1.7.Final]
	at org.hibernate.resource.transaction.backend.jdbc.internal.JdbcResourceLocalTransactionCoordinatorImpl$TransactionDriverControlImpl.commit(JdbcResourceLocalTransactionCoordinatorImpl.java:281) ~[hibernate-core-6.1.7.Final.jar:6.1.7.Final]
	at org.hibernate.engine.transaction.internal.TransactionImpl.commit(TransactionImpl.java:101) ~[hibernate-core-6.1.7.Final.jar:6.1.7.Final]
	at org.springframework.orm.jpa.JpaTransactionManager.doCommit(JpaTransactionManager.java:561) ~[spring-orm-6.0.6.jar:6.0.6]
	... 24 common frames omitted
Caused by: org.hibernate.TransientPropertyValueException: object references an unsaved transient instance - save the transient instance before flushing : com.aashi.movieBookingSys.entities.User.language -> com.aashi.movieBookingSys.entities.Language
	at org.hibernate.engine.spi.CascadingActions$8.noCascade(CascadingActions.java:383) ~[hibernate-core-6.1.7.Final.jar:6.1.7.Final]
	at org.hibernate.engine.internal.Cascade.cascade(Cascade.java:169) ~[hibernate-core-6.1.7.Final.jar:6.1.7.Final]
	at org.hibernate.event.internal.AbstractFlushingEventListener.cascadeOnFlush(AbstractFlushingEventListener.java:155) ~[hibernate-core-6.1.7.Final.jar:6.1.7.Final]
	at org.hibernate.event.internal.AbstractFlushingEventListener.prepareEntityFlushes(AbstractFlushingEventListener.java:145) ~[hibernate-core-6.1.7.Final.jar:6.1.7.Final]
	at org.hibernate.event.internal.AbstractFlushingEventListener.flushEverythingToExecutions(AbstractFlushingEventListener.java:79) ~[hibernate-core-6.1.7.Final.jar:6.1.7.Final]
	at org.hibernate.event.internal.DefaultFlushEventListener.onFlush(DefaultFlushEventListener.java:38) ~[hibernate-core-6.1.7.Final.jar:6.1.7.Final]
	at org.hibernate.event.service.internal.EventListenerGroupImpl.fireEventOnEachListener(EventListenerGroupImpl.java:107) ~[hibernate-core-6.1.7.Final.jar:6.1.7.Final]
	at org.hibernate.internal.SessionImpl.doFlush(SessionImpl.java:1425) ~[hibernate-core-6.1.7.Final.jar:6.1.7.Final]
	... 32 common frames omitted

2023-03-19T20:00:58.024+05:30  INFO 1708 --- [main] j.LocalContainerEntityManagerFactoryBean : Closing JPA EntityManagerFactory for persistence unit 'default'
2023-03-19T20:00:58.032+05:30  INFO 1708 --- [main] com.zaxxer.hikari.HikariDataSource       : HikariPool-1 - Shutdown initiated...
2023-03-19T20:00:58.038+05:30  INFO 1708 --- [main] com.zaxxer.hikari.HikariDataSource       : HikariPool-1 - Shutdown completed.
2023-03-19T20:02:02.611+05:30  INFO 19520 --- [main] c.a.m.MovieBookingSysApplication         : Starting MovieBookingSysApplication using Java 17.0.6 with PID 19520 (C:\Users\aashi.gupta.in\Downloads\movieBookingSys\movieBookingSys\target\classes started by aashi.gupta.in in C:\Users\aashi.gupta.in\Downloads\movieBookingSys\movieBookingSys)
2023-03-19T20:02:02.615+05:30  INFO 19520 --- [main] c.a.m.MovieBookingSysApplication         : No active profile set, falling back to 1 default profile: "default"
2023-03-19T20:02:03.404+05:30  INFO 19520 --- [main] .s.d.r.c.RepositoryConfigurationDelegate : Bootstrapping Spring Data JPA repositories in DEFAULT mode.
2023-03-19T20:02:03.632+05:30  INFO 19520 --- [main] .s.d.r.c.RepositoryConfigurationDelegate : Finished Spring Data repository scanning in 215 ms. Found 11 JPA repository interfaces.
2023-03-19T20:02:04.367+05:30  INFO 19520 --- [main] o.s.b.w.embedded.tomcat.TomcatWebServer  : Tomcat initialized with port(s): 8080 (http)
2023-03-19T20:02:04.375+05:30  INFO 19520 --- [main] o.apache.catalina.core.StandardService   : Starting service [Tomcat]
2023-03-19T20:02:04.376+05:30  INFO 19520 --- [main] o.apache.catalina.core.StandardEngine    : Starting Servlet engine: [Apache Tomcat/10.1.5]
2023-03-19T20:02:04.501+05:30  INFO 19520 --- [main] o.a.c.c.C.[Tomcat].[localhost].[/]       : Initializing Spring embedded WebApplicationContext
2023-03-19T20:02:04.502+05:30  INFO 19520 --- [main] w.s.c.ServletWebServerApplicationContext : Root WebApplicationContext: initialization completed in 1817 ms
2023-03-19T20:02:04.547+05:30  INFO 19520 --- [main] com.zaxxer.hikari.HikariDataSource       : HikariPool-1 - Starting...
2023-03-19T20:02:04.700+05:30  INFO 19520 --- [main] com.zaxxer.hikari.pool.HikariPool        : HikariPool-1 - Added connection conn0: url=jdbc:h2:mem:mbsdb user=MBS
2023-03-19T20:02:04.701+05:30  INFO 19520 --- [main] com.zaxxer.hikari.HikariDataSource       : HikariPool-1 - Start completed.
2023-03-19T20:02:04.709+05:30  INFO 19520 --- [main] o.s.b.a.h2.H2ConsoleAutoConfiguration    : H2 console available at '/h2-console'. Database available at 'jdbc:h2:mem:mbsdb'
2023-03-19T20:02:04.890+05:30  INFO 19520 --- [main] o.hibernate.jpa.internal.util.LogHelper  : HHH000204: Processing PersistenceUnitInfo [name: default]
2023-03-19T20:02:04.972+05:30  INFO 19520 --- [main] org.hibernate.Version                    : HHH000412: Hibernate ORM core version 6.1.7.Final
2023-03-19T20:02:05.247+05:30  INFO 19520 --- [main] SQL dialect                              : HHH000400: Using dialect: org.hibernate.dialect.H2Dialect
2023-03-19T20:02:05.946+05:30  INFO 19520 --- [main] o.h.m.i.EntityInstantiatorPojoStandard   : HHH000182: No default (no-argument) constructor for class: com.aashi.movieBookingSys.entities.Language (class must be instantiated by Interceptor)
2023-03-19T20:02:06.126+05:30  INFO 19520 --- [main] o.h.e.t.j.p.i.JtaPlatformInitiator       : HHH000490: Using JtaPlatform implementation: [org.hibernate.engine.transaction.jta.platform.internal.NoJtaPlatform]
2023-03-19T20:02:06.131+05:30  INFO 19520 --- [main] j.LocalContainerEntityManagerFactoryBean : Initialized JPA EntityManagerFactory for persistence unit 'default'
2023-03-19T20:02:06.913+05:30  WARN 19520 --- [main] JpaBaseConfiguration$JpaWebConfiguration : spring.jpa.open-in-view is enabled by default. Therefore, database queries may be performed during view rendering. Explicitly configure spring.jpa.open-in-view to disable this warning
2023-03-19T20:02:07.460+05:30  INFO 19520 --- [main] o.s.b.w.embedded.tomcat.TomcatWebServer  : Tomcat started on port(s): 8080 (http) with context path ''
2023-03-19T20:02:07.474+05:30  INFO 19520 --- [main] c.a.m.MovieBookingSysApplication         : Started MovieBookingSysApplication in 5.285 seconds (process running for 5.695)
2023-03-19T20:02:07.704+05:30  INFO 19520 --- [main] c.a.m.MovieBookingSysApplication         : Writing for info
2023-03-19T20:02:07.705+05:30  WARN 19520 --- [main] c.a.m.MovieBookingSysApplication         : Writing for warn
2023-03-19T20:02:07.705+05:30 ERROR 19520 --- [main] c.a.m.MovieBookingSysApplication         : Writing for error
2023-03-19T20:02:13.044+05:30  INFO 19520 --- [SpringApplicationShutdownHook] j.LocalContainerEntityManagerFactoryBean : Closing JPA EntityManagerFactory for persistence unit 'default'
2023-03-19T20:02:13.047+05:30  INFO 19520 --- [SpringApplicationShutdownHook] com.zaxxer.hikari.HikariDataSource       : HikariPool-1 - Shutdown initiated...
2023-03-19T20:02:13.049+05:30  INFO 19520 --- [SpringApplicationShutdownHook] com.zaxxer.hikari.HikariDataSource       : HikariPool-1 - Shutdown completed.
