2023-03-19T16:42:12.978+05:30  INFO 9936 --- [main] c.a.m.MovieBookingSysApplication         : Starting MovieBookingSysApplication using Java 17.0.6 with PID 9936 (C:\Users\aashi.gupta.in\Downloads\movieBookingSys\movieBookingSys\target\classes started by aashi.gupta.in in C:\Users\aashi.gupta.in\Downloads\movieBookingSys\movieBookingSys)
2023-03-19T16:42:12.989+05:30  INFO 9936 --- [main] c.a.m.MovieBookingSysApplication         : No active profile set, falling back to 1 default profile: "default"
2023-03-19T16:42:13.853+05:30  INFO 9936 --- [main] .s.d.r.c.RepositoryConfigurationDelegate : Bootstrapping Spring Data JPA repositories in DEFAULT mode.
2023-03-19T16:42:14.067+05:30  INFO 9936 --- [main] .s.d.r.c.RepositoryConfigurationDelegate : Finished Spring Data repository scanning in 202 ms. Found 11 JPA repository interfaces.
2023-03-19T16:42:14.729+05:30  INFO 9936 --- [main] o.s.b.w.embedded.tomcat.TomcatWebServer  : Tomcat initialized with port(s): 8080 (http)
2023-03-19T16:42:14.735+05:30  INFO 9936 --- [main] o.apache.catalina.core.StandardService   : Starting service [Tomcat]
2023-03-19T16:42:14.735+05:30  INFO 9936 --- [main] o.apache.catalina.core.StandardEngine    : Starting Servlet engine: [Apache Tomcat/10.1.5]
2023-03-19T16:42:14.860+05:30  INFO 9936 --- [main] o.a.c.c.C.[Tomcat].[localhost].[/]       : Initializing Spring embedded WebApplicationContext
2023-03-19T16:42:14.861+05:30  INFO 9936 --- [main] w.s.c.ServletWebServerApplicationContext : Root WebApplicationContext: initialization completed in 1796 ms
2023-03-19T16:42:14.893+05:30  INFO 9936 --- [main] com.zaxxer.hikari.HikariDataSource       : HikariPool-1 - Starting...
2023-03-19T16:42:15.045+05:30  INFO 9936 --- [main] com.zaxxer.hikari.pool.HikariPool        : HikariPool-1 - Added connection conn0: url=jdbc:h2:mem:mbsdb user=MBS
2023-03-19T16:42:15.051+05:30  INFO 9936 --- [main] com.zaxxer.hikari.HikariDataSource       : HikariPool-1 - Start completed.
2023-03-19T16:42:15.062+05:30  INFO 9936 --- [main] o.s.b.a.h2.H2ConsoleAutoConfiguration    : H2 console available at '/h2-console'. Database available at 'jdbc:h2:mem:mbsdb'
2023-03-19T16:42:15.223+05:30  INFO 9936 --- [main] o.hibernate.jpa.internal.util.LogHelper  : HHH000204: Processing PersistenceUnitInfo [name: default]
2023-03-19T16:42:15.277+05:30  INFO 9936 --- [main] org.hibernate.Version                    : HHH000412: Hibernate ORM core version 6.1.7.Final
2023-03-19T16:42:15.533+05:30  INFO 9936 --- [main] SQL dialect                              : HHH000400: Using dialect: org.hibernate.dialect.H2Dialect
2023-03-19T16:42:16.238+05:30  INFO 9936 --- [main] o.h.m.i.EntityInstantiatorPojoStandard   : HHH000182: No default (no-argument) constructor for class: com.aashi.movieBookingSys.entities.Language (class must be instantiated by Interceptor)
2023-03-19T16:42:16.418+05:30  INFO 9936 --- [main] o.h.e.t.j.p.i.JtaPlatformInitiator       : HHH000490: Using JtaPlatform implementation: [org.hibernate.engine.transaction.jta.platform.internal.NoJtaPlatform]
2023-03-19T16:42:16.425+05:30  INFO 9936 --- [main] j.LocalContainerEntityManagerFactoryBean : Initialized JPA EntityManagerFactory for persistence unit 'default'
2023-03-19T16:42:17.198+05:30  WARN 9936 --- [main] JpaBaseConfiguration$JpaWebConfiguration : spring.jpa.open-in-view is enabled by default. Therefore, database queries may be performed during view rendering. Explicitly configure spring.jpa.open-in-view to disable this warning
2023-03-19T16:42:17.759+05:30  INFO 9936 --- [main] o.s.b.w.embedded.tomcat.TomcatWebServer  : Tomcat started on port(s): 8080 (http) with context path ''
2023-03-19T16:42:17.767+05:30  INFO 9936 --- [main] c.a.m.MovieBookingSysApplication         : Started MovieBookingSysApplication in 5.267 seconds (process running for 5.687)
2023-03-19T16:42:18.177+05:30  INFO 9936 --- [main] c.a.m.MovieBookingSysApplication         : Writing for info
2023-03-19T16:42:18.177+05:30  WARN 9936 --- [main] c.a.m.MovieBookingSysApplication         : Writing for warn
2023-03-19T16:42:18.177+05:30 ERROR 9936 --- [main] c.a.m.MovieBookingSysApplication         : Writing for error
2023-03-19T16:43:44.849+05:30  INFO 9936 --- [SpringApplicationShutdownHook] j.LocalContainerEntityManagerFactoryBean : Closing JPA EntityManagerFactory for persistence unit 'default'
2023-03-19T16:43:44.851+05:30  INFO 9936 --- [SpringApplicationShutdownHook] com.zaxxer.hikari.HikariDataSource       : HikariPool-1 - Shutdown initiated...
2023-03-19T16:43:44.852+05:30  INFO 9936 --- [SpringApplicationShutdownHook] com.zaxxer.hikari.HikariDataSource       : HikariPool-1 - Shutdown completed.
2023-03-19T16:45:24.494+05:30  INFO 23404 --- [main] c.a.m.MovieBookingSysApplication         : Starting MovieBookingSysApplication using Java 17.0.6 with PID 23404 (C:\Users\aashi.gupta.in\Downloads\movieBookingSys\movieBookingSys\target\classes started by aashi.gupta.in in C:\Users\aashi.gupta.in\Downloads\movieBookingSys\movieBookingSys)
2023-03-19T16:45:24.497+05:30  INFO 23404 --- [main] c.a.m.MovieBookingSysApplication         : No active profile set, falling back to 1 default profile: "default"
2023-03-19T16:45:25.443+05:30  INFO 23404 --- [main] .s.d.r.c.RepositoryConfigurationDelegate : Bootstrapping Spring Data JPA repositories in DEFAULT mode.
2023-03-19T16:45:25.623+05:30  INFO 23404 --- [main] .s.d.r.c.RepositoryConfigurationDelegate : Finished Spring Data repository scanning in 166 ms. Found 11 JPA repository interfaces.
2023-03-19T16:45:26.393+05:30  INFO 23404 --- [main] o.s.b.w.embedded.tomcat.TomcatWebServer  : Tomcat initialized with port(s): 8080 (http)
2023-03-19T16:45:26.401+05:30  INFO 23404 --- [main] o.apache.catalina.core.StandardService   : Starting service [Tomcat]
2023-03-19T16:45:26.401+05:30  INFO 23404 --- [main] o.apache.catalina.core.StandardEngine    : Starting Servlet engine: [Apache Tomcat/10.1.5]
2023-03-19T16:45:26.536+05:30  INFO 23404 --- [main] o.a.c.c.C.[Tomcat].[localhost].[/]       : Initializing Spring embedded WebApplicationContext
2023-03-19T16:45:26.537+05:30  INFO 23404 --- [main] w.s.c.ServletWebServerApplicationContext : Root WebApplicationContext: initialization completed in 1943 ms
2023-03-19T16:45:26.591+05:30  INFO 23404 --- [main] com.zaxxer.hikari.HikariDataSource       : HikariPool-1 - Starting...
2023-03-19T16:45:26.773+05:30  INFO 23404 --- [main] com.zaxxer.hikari.pool.HikariPool        : HikariPool-1 - Added connection conn0: url=jdbc:h2:mem:mbsdb user=MBS
2023-03-19T16:45:26.774+05:30  INFO 23404 --- [main] com.zaxxer.hikari.HikariDataSource       : HikariPool-1 - Start completed.
2023-03-19T16:45:26.789+05:30  INFO 23404 --- [main] o.s.b.a.h2.H2ConsoleAutoConfiguration    : H2 console available at '/h2-console'. Database available at 'jdbc:h2:mem:mbsdb'
2023-03-19T16:45:26.981+05:30  INFO 23404 --- [main] o.hibernate.jpa.internal.util.LogHelper  : HHH000204: Processing PersistenceUnitInfo [name: default]
2023-03-19T16:45:27.055+05:30  INFO 23404 --- [main] org.hibernate.Version                    : HHH000412: Hibernate ORM core version 6.1.7.Final
2023-03-19T16:45:27.316+05:30  INFO 23404 --- [main] SQL dialect                              : HHH000400: Using dialect: org.hibernate.dialect.H2Dialect
2023-03-19T16:45:28.138+05:30  INFO 23404 --- [main] o.h.m.i.EntityInstantiatorPojoStandard   : HHH000182: No default (no-argument) constructor for class: com.aashi.movieBookingSys.entities.Language (class must be instantiated by Interceptor)
2023-03-19T16:45:28.314+05:30  INFO 23404 --- [main] o.h.e.t.j.p.i.JtaPlatformInitiator       : HHH000490: Using JtaPlatform implementation: [org.hibernate.engine.transaction.jta.platform.internal.NoJtaPlatform]
2023-03-19T16:45:28.320+05:30  INFO 23404 --- [main] j.LocalContainerEntityManagerFactoryBean : Initialized JPA EntityManagerFactory for persistence unit 'default'
2023-03-19T16:45:29.084+05:30  WARN 23404 --- [main] JpaBaseConfiguration$JpaWebConfiguration : spring.jpa.open-in-view is enabled by default. Therefore, database queries may be performed during view rendering. Explicitly configure spring.jpa.open-in-view to disable this warning
2023-03-19T16:45:29.592+05:30  INFO 23404 --- [main] o.s.b.w.embedded.tomcat.TomcatWebServer  : Tomcat started on port(s): 8080 (http) with context path ''
2023-03-19T16:45:29.601+05:30  INFO 23404 --- [main] c.a.m.MovieBookingSysApplication         : Started MovieBookingSysApplication in 5.569 seconds (process running for 5.992)
2023-03-19T16:45:29.949+05:30  INFO 23404 --- [main] c.a.m.MovieBookingSysApplication         : Writing for info
2023-03-19T16:45:29.949+05:30  WARN 23404 --- [main] c.a.m.MovieBookingSysApplication         : Writing for warn
2023-03-19T16:45:29.950+05:30 ERROR 23404 --- [main] c.a.m.MovieBookingSysApplication         : Writing for error
2023-03-19T16:48:01.485+05:30  INFO 23404 --- [SpringApplicationShutdownHook] j.LocalContainerEntityManagerFactoryBean : Closing JPA EntityManagerFactory for persistence unit 'default'
2023-03-19T16:48:01.486+05:30  INFO 23404 --- [SpringApplicationShutdownHook] com.zaxxer.hikari.HikariDataSource       : HikariPool-1 - Shutdown initiated...
2023-03-19T16:48:01.488+05:30  INFO 23404 --- [SpringApplicationShutdownHook] com.zaxxer.hikari.HikariDataSource       : HikariPool-1 - Shutdown completed.
